
> hlpflrecords@2.1.0 build
> next build

  ▲ Next.js 14.2.35
  - Experiments (use with caution):
    · optimizeCss

   Creating an optimized production build ...
> [PWA] Compile server
> [PWA] Compile server
> [PWA] Compile client (static)
> [PWA] Auto register service worker with: /workspace/hlpflrecords/node_modules/next-pwa/register.js
> [PWA] Service worker: /workspace/hlpflrecords/public/sw.js
> [PWA]   url: /sw.js
> [PWA]   scope: /
Failed to compile.

./src/app/news/page.tsx
Error: 
  [31mx[0m Expected ';', '}' or <eof>
   ,-[[36;1;4m/workspace/hlpflrecords/src/app/news/page.tsx[0m:1:1]
 [2m1[0m | 'use client'
 [2m2[0m | 
 [2m3[0m | import React from 'react'
 [2m4[0m | # import Link from 'next/link'
   : [31;1m^^^^|^^^[0m[33;1m ^^^^[0m
   :     [31;1m`-- [31;1mThis is the expression part of an expression statement[0m[0m
 [2m5[0m | import { mockNews } from '@/data/mockData'
 [2m6[0m | import { Card, CardContent } from '@/components/ui/Card'
 [2m7[0m | import { Button } from '@/components/ui/Button'
   `----

Caused by:
    Syntax Error

Import trace for requested module:
./src/app/news/page.tsx

./src/components/sections/FeaturedArtistsSection.tsx
Error: 
  [31mx[0m Expected ';', '}' or <eof>
   ,-[[36;1;4m/workspace/hlpflrecords/src/components/sections/FeaturedArtistsSection.tsx[0m:2:1]
 [2m2[0m | 
 [2m3[0m | import React from 'react'
 [2m4[0m | import Link from 'next/link'
 [2m5[0m | # import Image from 'next/image'
   : [31;1m^^^^|^^^[0m[33;1m ^^^^^[0m
   :     [31;1m`-- [31;1mThis is the expression part of an expression statement[0m[0m
 [2m6[0m | import { mockArtists } from '@/data/mockData'
 [2m7[0m | import { Card, CardContent } from '@/components/ui/Card'
 [2m8[0m | import { Button } from '@/components/ui/Button'
   `----

Caused by:
    Syntax Error

Import trace for requested module:
./src/components/sections/FeaturedArtistsSection.tsx
./src/app/page.tsx


> Build failed because of webpack errors
